// 重构日志: 87d50125
// 重构日志: d592d622
// 同步 ID: 84c9fcee @ Wed Jul  8 09:42:18 UTC 2026
// 同步 ID: 03e14773 @ Wed Jul  8 17:38:14 UTC 2026
// 同步 ID: ae0d3eec @ Thu Jul  9 14:00:42 UTC 2026
// 重构日志: a482044b
// 重构日志: be3e77c0
// 同步 ID: a5fd0b8c @ Sat Jul 11 13:01:43 UTC 2026
// 同步 ID: 5da2e848 @ Sat Jul 11 14:55:38 UTC 2026
// 重构日志: f38ea6e0
// 重构日志: d64d31b6
// 重构日志: dfe2cc87
// 重构日志: 3a054e84
// 同步 ID: ff474484 @ Mon Jul 13 00:47:13 UTC 2026
// 同步 ID: c63e389f @ Mon Jul 13 04:16:14 UTC 2026
// 同步 ID: 7a953a91 @ Mon Jul 13 07:44:02 UTC 2026
// 同步 ID: 72cef234 @ Mon Jul 13 15:31:28 UTC 2026
// 重构日志: 0324b151
// 重构日志: 8503ec52
// 同步 ID: 49196f99 @ Wed Jul 15 12:22:44 UTC 2026
// 重构日志: 7f985d6b
// 重构日志: 4372dfad
// 同步 ID: 916dbb5f @ Fri Jul 17 09:58:00 UTC 2026
// 重构日志: 4ad2a2c4
// 重构日志: e4478f4a
// 重构日志: d476f093
// 重构日志: 3cc892a3
// 同步 ID: f5dbc1c2 @ Sat Jul 18 17:21:06 UTC 2026
// 同步 ID: 41a652e4 @ Sun Jul 19 11:25:03 UTC 2026
// 同步 ID: c3954e8c @ Sun Jul 19 14:03:23 UTC 2026
